<?xml version="1.0" encoding="UTF-8"?>
<!-- Generated by org.testng.reporters.JUnitXMLReporter -->
<testsuite ignored="0" hostname="Muammer-MacBook-Pro.local" failures="0" tests="3" name="Regression suite 1" time="0.049" errors="0" timestamp="05 Jun 2019 02:25:35 GMT">
  <testcase classname="TestNG.TestNGAnnotation" name="test1" time="0.006"/>
  <testcase classname="TestNG.TestNGAnnotation" name="test2" time="0.002"/>
  <testcase classname="TestNG.TestNGAnnotation" name="test7" time="0.001"/>
</testsuite> <!-- Regression suite 1 -->
